<?xml version="1.0" encoding="UTF-8"?>
<!-- Generated by org.testng.reporters.JUnitXMLReporter -->
<testsuite ignored="1" hostname="LAPTOP-13I0MQVO" failures="0" tests="1" name="Test" time="7.144" errors="0" timestamp="2025-03-11T15:18:25 GMT">
  <testcase classname="testCases.AccountRegistrationTest" name="verifyAccountRegistration" time="1.865"/>
  <testcase classname="testCases.LoginTest" name="verifyLogin" time="0.0">
    <ignored/>
  </testcase> <!-- verifyLogin -->
</testsuite> <!-- Test -->
