<?xml version="1.0" encoding="UTF-8"?>
<!-- Generated by org.testng.reporters.JUnitXMLReporter -->
<testsuite ignored="0" hostname="LAPTOP-13I0MQVO" failures="1" tests="4" name="Test" time="50.0" errors="0" timestamp="2025-03-01T19:17:57 GMT">
  <testcase classname="testCases.LoginDataDrivenTest" name="verifyLoginDDT" time="11.246">
    <failure type="java.lang.AssertionError" message="expected [true] but found [false]">
      <![CDATA[java.lang.AssertionError: expected [true] but found [false]
at testCases.LoginDataDrivenTest.verifyLoginDDT(LoginDataDrivenTest.java:49)
at java.base/java.util.ArrayList.forEach(ArrayList.java:1597)
... Removed 29 stack frames]]>
    </failure>
  </testcase> <!-- verifyLoginDDT -->
  <testcase classname="testCases.LoginDataDrivenTest" name="verifyLoginDDT" time="11.166"/>
  <testcase classname="testCases.LoginDataDrivenTest" name="verifyLoginDDT" time="11.702"/>
  <testcase classname="testCases.LoginDataDrivenTest" name="verifyLoginDDT" time="11.501"/>
</testsuite> <!-- Test -->
