<?xml version="1.0" encoding="UTF-8"?>
<testng-results ignored="0" total="3" passed="3" failed="0" skipped="0">
  <reporter-output>
  </reporter-output>
  <suite started-at="2025-02-28T12:11:47 GMT" name="Suite" finished-at="2025-02-28T12:12:00 GMT" duration-ms="13114">
    <groups>
    </groups>
    <test started-at="2025-02-28T12:11:47 GMT" name="chrometest" finished-at="2025-02-28T12:11:53 GMT" duration-ms="6290">
      <class name="testCases.AccountRegistrationTest">
        <test-method is-config="true" signature="setup(java.lang.String,java.lang.String)[pri:0, instance:testCases.AccountRegistrationTest@1d2adfbe]" started-at="2025-02-28T12:11:47 GMT" name="setup" finished-at="2025-02-28T12:11:51 GMT" duration-ms="3960" status="PASS">
          <params>
            <param index="0">
              <value>
                <![CDATA[windows]]>
              </value>
            </param>
            <param index="1">
              <value>
                <![CDATA[chrome]]>
              </value>
            </param>
          </params>
          <reporter-output>
          </reporter-output>
        </test-method> <!-- setup -->
        <test-method signature="verifyAccountRegistration()[pri:0, instance:testCases.AccountRegistrationTest@1d2adfbe]" started-at="2025-02-28T12:11:51 GMT" name="verifyAccountRegistration" finished-at="2025-02-28T12:11:53 GMT" duration-ms="1804" status="PASS">
          <reporter-output>
          </reporter-output>
        </test-method> <!-- verifyAccountRegistration -->
        <test-method is-config="true" signature="teardown()[pri:0, instance:testCases.AccountRegistrationTest@1d2adfbe]" started-at="2025-02-28T12:11:53 GMT" name="teardown" finished-at="2025-02-28T12:11:53 GMT" duration-ms="513" status="PASS">
          <reporter-output>
          </reporter-output>
        </test-method> <!-- teardown -->
      </class> <!-- testCases.AccountRegistrationTest -->
    </test> <!-- chrometest -->
    <test started-at="2025-02-28T12:11:47 GMT" name="edgetest" finished-at="2025-02-28T12:11:55 GMT" duration-ms="7418">
      <class name="testCases.AccountRegistrationTest">
        <test-method is-config="true" signature="setup(java.lang.String,java.lang.String)[pri:0, instance:testCases.AccountRegistrationTest@31304f14]" started-at="2025-02-28T12:11:47 GMT" name="setup" finished-at="2025-02-28T12:11:50 GMT" duration-ms="3343" status="PASS">
          <params>
            <param index="0">
              <value>
                <![CDATA[windows]]>
              </value>
            </param>
            <param index="1">
              <value>
                <![CDATA[edge]]>
              </value>
            </param>
          </params>
          <reporter-output>
          </reporter-output>
        </test-method> <!-- setup -->
        <test-method signature="verifyAccountRegistration()[pri:0, instance:testCases.AccountRegistrationTest@31304f14]" started-at="2025-02-28T12:11:50 GMT" name="verifyAccountRegistration" finished-at="2025-02-28T12:11:53 GMT" duration-ms="2200" status="PASS">
          <reporter-output>
          </reporter-output>
        </test-method> <!-- verifyAccountRegistration -->
        <test-method is-config="true" signature="teardown()[pri:0, instance:testCases.AccountRegistrationTest@31304f14]" started-at="2025-02-28T12:11:53 GMT" name="teardown" finished-at="2025-02-28T12:11:55 GMT" duration-ms="1858" status="PASS">
          <reporter-output>
          </reporter-output>
        </test-method> <!-- teardown -->
      </class> <!-- testCases.AccountRegistrationTest -->
    </test> <!-- edgetest -->
    <test started-at="2025-02-28T12:11:47 GMT" name="firefoxtest" finished-at="2025-02-28T12:12:00 GMT" duration-ms="13114">
      <class name="testCases.AccountRegistrationTest">
        <test-method is-config="true" signature="setup(java.lang.String,java.lang.String)[pri:0, instance:testCases.AccountRegistrationTest@459e9125]" started-at="2025-02-28T12:11:47 GMT" name="setup" finished-at="2025-02-28T12:11:57 GMT" duration-ms="9972" status="PASS">
          <params>
            <param index="0">
              <value>
                <![CDATA[windows]]>
              </value>
            </param>
            <param index="1">
              <value>
                <![CDATA[firefox]]>
              </value>
            </param>
          </params>
          <reporter-output>
          </reporter-output>
        </test-method> <!-- setup -->
        <test-method signature="verifyAccountRegistration()[pri:0, instance:testCases.AccountRegistrationTest@459e9125]" started-at="2025-02-28T12:11:57 GMT" name="verifyAccountRegistration" finished-at="2025-02-28T12:12:00 GMT" duration-ms="2453" status="PASS">
          <reporter-output>
          </reporter-output>
        </test-method> <!-- verifyAccountRegistration -->
        <test-method is-config="true" signature="teardown()[pri:0, instance:testCases.AccountRegistrationTest@459e9125]" started-at="2025-02-28T12:12:00 GMT" name="teardown" finished-at="2025-02-28T12:12:00 GMT" duration-ms="676" status="PASS">
          <reporter-output>
          </reporter-output>
        </test-method> <!-- teardown -->
      </class> <!-- testCases.AccountRegistrationTest -->
    </test> <!-- firefoxtest -->
  </suite> <!-- Suite -->
</testng-results>
