<?xml version="1.0" encoding="UTF-8"?>
<!-- Generated by org.testng.reporters.JUnitReportReporter -->
<testsuite hostname="LAPTOP-13I0MQVO" failures="0" tests="3" name="testCases.AccountRegistrationTest" time="9.686" errors="0" timestamp="2025-02-28T15:45:32 GMT" skipped="0">
  <testcase classname="testCases.AccountRegistrationTest" name="verifyAccountRegistration" time="3.925"/>
  <system-out/>
  <testcase classname="testCases.AccountRegistrationTest" name="verifyAccountRegistration" time="2.389"/>
  <system-out/>
  <testcase classname="testCases.AccountRegistrationTest" name="verifyAccountRegistration" time="3.372"/>
  <system-out/>
</testsuite> <!-- testCases.AccountRegistrationTest -->
