<?xml version="1.0" encoding="UTF-8"?>
<!-- Generated by org.testng.reporters.JUnitReportReporter -->
<testsuite hostname="LAPTOP-13I0MQVO" failures="0" tests="3" name="testCases.AccountRegistrationTest" time="6.457" errors="0" timestamp="2025-02-28T12:12:00 GMT" skipped="0">
  <testcase classname="testCases.AccountRegistrationTest" name="verifyAccountRegistration" time="2.200"/>
  <system-out/>
  <testcase classname="testCases.AccountRegistrationTest" name="verifyAccountRegistration" time="2.453"/>
  <system-out/>
  <testcase classname="testCases.AccountRegistrationTest" name="verifyAccountRegistration" time="1.804"/>
  <system-out/>
</testsuite> <!-- testCases.AccountRegistrationTest -->
